SF:/Users/sammi/work/cisco-demo/microservices-demo/src/cartservice/src/Program.cs
FN:18,System.Void Program::<Main>$(System.String[])
FNDA:0,System.Void Program::<Main>$(System.String[])
DA:19,0
FN:21,Microsoft.Extensions.Hosting.IHostBuilder Program::<<Main>$>g__CreateHostBuilder|0_0(System.String[])
FNDA:0,Microsoft.Extensions.Hosting.IHostBuilder Program::<<Main>$>g__CreateHostBuilder|0_0(System.String[])
DA:22,0
DA:23,0
DA:24,0
DA:25,0
DA:26,0
LF:6
LH:0
BRF:0
BRH:0
FNF:2
FNH:0
end_of_record
SF:/Users/sammi/work/cisco-demo/microservices-demo/src/cartservice/src/obj/Debug/net9.0/protos/Cart.cs
FN:19,Google.Protobuf.Reflection.FileDescriptor Hipstershop.CartReflection::get_Descriptor()
FNDA:0,Google.Protobuf.Reflection.FileDescriptor Hipstershop.CartReflection::get_Descriptor()
DA:20,0
FN:23,System.Void Hipstershop.CartReflection::.cctor()
FNDA:0,System.Void Hipstershop.CartReflection::.cctor()
DA:24,0
DA:25,0
DA:26,0
DA:27,0
DA:28,0
DA:29,0
DA:30,0
DA:31,0
DA:32,0
DA:33,0
DA:34,0
DA:35,0
DA:36,0
DA:37,0
DA:38,0
DA:39,0
DA:40,0
DA:41,0
DA:42,0
DA:43,0
DA:44,0
DA:45,0
DA:46,0
DA:47,0
DA:48,0
DA:49,0
FN:63,Google.Protobuf.MessageParser`1<Hipstershop.CartItem> Hipstershop.CartItem::get_Parser()
FNDA:3,Google.Protobuf.MessageParser`1<Hipstershop.CartItem> Hipstershop.CartItem::get_Parser()
DA:64,3
FN:68,Google.Protobuf.Reflection.MessageDescriptor Hipstershop.CartItem::get_Descriptor()
FNDA:0,Google.Protobuf.Reflection.MessageDescriptor Hipstershop.CartItem::get_Descriptor()
DA:69,0
FN:74,Google.Protobuf.Reflection.MessageDescriptor Hipstershop.CartItem::pb::Google.Protobuf.IMessage.get_Descriptor()
FNDA:0,Google.Protobuf.Reflection.MessageDescriptor Hipstershop.CartItem::pb::Google.Protobuf.IMessage.get_Descriptor()
DA:75,0
FN:95,Hipstershop.CartItem Hipstershop.CartItem::Clone()
FNDA:0,Hipstershop.CartItem Hipstershop.CartItem::Clone()
DA:96,0
DA:97,0
DA:98,0
FN:105,System.String Hipstershop.CartItem::get_ProductId()
FNDA:156,System.String Hipstershop.CartItem::get_ProductId()
DA:106,156
FN:106,System.Void Hipstershop.CartItem::set_ProductId(System.String)
FNDA:12,System.Void Hipstershop.CartItem::set_ProductId(System.String)
DA:107,12
DA:108,12
DA:109,12
FN:117,System.Int32 Hipstershop.CartItem::get_Quantity()
FNDA:159,System.Int32 Hipstershop.CartItem::get_Quantity()
DA:118,159
FN:118,System.Void Hipstershop.CartItem::set_Quantity(System.Int32)
FNDA:13,System.Void Hipstershop.CartItem::set_Quantity(System.Int32)
DA:119,13
DA:120,13
DA:121,13
FN:125,System.Boolean Hipstershop.CartItem::Equals(System.Object)
FNDA:0,System.Boolean Hipstershop.CartItem::Equals(System.Object)
DA:126,0
DA:127,0
DA:128,0
FN:131,System.Boolean Hipstershop.CartItem::Equals(Hipstershop.CartItem)
FNDA:0,System.Boolean Hipstershop.CartItem::Equals(Hipstershop.CartItem)
DA:132,0
DA:133,0
DA:134,0
DA:136,0
DA:137,0
DA:139,0
DA:140,0
DA:141,0
DA:142,0
BRDA:133,7,0,0
BRDA:133,7,1,0
BRDA:136,20,0,0
BRDA:136,20,1,0
BRDA:139,46,0,0
BRDA:139,46,1,0
BRDA:140,73,0,0
BRDA:140,73,1,0
FN:145,System.Int32 Hipstershop.CartItem::GetHashCode()
FNDA:0,System.Int32 Hipstershop.CartItem::GetHashCode()
DA:146,0
DA:147,0
DA:148,0
DA:149,0
DA:150,0
DA:151,0
DA:152,0
DA:153,0
DA:154,0
BRDA:148,19,0,0
BRDA:148,19,1,0
BRDA:149,46,0,0
BRDA:149,46,1,0
BRDA:150,78,0,0
BRDA:150,78,1,0
FN:157,System.String Hipstershop.CartItem::ToString()
FNDA:0,System.String Hipstershop.CartItem::ToString()
DA:158,0
DA:159,0
DA:160,0
FN:163,System.Void Hipstershop.CartItem::WriteTo(Google.Protobuf.CodedOutputStream)
FNDA:0,System.Void Hipstershop.CartItem::WriteTo(Google.Protobuf.CodedOutputStream)
DA:164,0
DA:166,0
DA:180,0
FN:184,System.Void Hipstershop.CartItem::pb::Google.Protobuf.IBufferMessage.InternalWriteTo(Google.Protobuf.WriteContext&)
FNDA:8,System.Void Hipstershop.CartItem::pb::Google.Protobuf.IBufferMessage.InternalWriteTo(Google.Protobuf.WriteContext&)
DA:185,8
DA:186,16
DA:187,8
DA:188,8
DA:189,8
DA:190,16
DA:191,8
DA:192,8
DA:193,8
DA:194,8
DA:195,0
DA:196,0
DA:197,8
BRDA:186,17,0,8
BRDA:186,17,1,8
BRDA:190,54,0,8
BRDA:190,54,1,8
BRDA:194,91,0,0
BRDA:194,91,1,8
FN:201,System.Int32 Hipstershop.CartItem::CalculateSize()
FNDA:16,System.Int32 Hipstershop.CartItem::CalculateSize()
DA:202,16
DA:203,16
DA:204,32
DA:205,16
DA:206,16
DA:207,32
DA:208,16
DA:209,16
DA:210,16
DA:211,0
DA:212,0
DA:213,16
DA:214,16
BRDA:204,19,0,16
BRDA:204,19,1,16
BRDA:207,50,0,16
BRDA:207,50,1,16
BRDA:210,81,0,0
BRDA:210,81,1,16
FN:217,System.Void Hipstershop.CartItem::MergeFrom(Hipstershop.CartItem)
FNDA:0,System.Void Hipstershop.CartItem::MergeFrom(Hipstershop.CartItem)
DA:218,0
DA:219,0
DA:220,0
DA:222,0
DA:223,0
DA:224,0
DA:225,0
DA:226,0
DA:227,0
DA:228,0
DA:229,0
BRDA:219,7,0,0
BRDA:219,7,1,0
BRDA:222,28,0,0
BRDA:222,28,1,0
BRDA:225,56,0,0
BRDA:225,56,1,0
FN:232,System.Void Hipstershop.CartItem::MergeFrom(Google.Protobuf.CodedInputStream)
FNDA:0,System.Void Hipstershop.CartItem::MergeFrom(Google.Protobuf.CodedInputStream)
DA:233,0
DA:235,0
DA:258,0
FN:262,System.Void Hipstershop.CartItem::pb::Google.Protobuf.IBufferMessage.InternalMergeFrom(Google.Protobuf.ParseContext&)
FNDA:8,System.Void Hipstershop.CartItem::pb::Google.Protobuf.IBufferMessage.InternalMergeFrom(Google.Protobuf.ParseContext&)
DA:263,8
DA:265,40
DA:266,16
DA:268,0
DA:270,16
DA:272,0
DA:273,0
DA:274,8
DA:275,8
DA:276,8
DA:278,8
DA:279,8
DA:280,8
DA:283,16
DA:284,8
BRDA:265,103,1,16
BRDA:266,12,0,0
BRDA:266,12,1,16
BRDA:270,24,0,8
BRDA:270,31,0,0
BRDA:270,24,1,8
BRDA:270,31,1,8
BRDA:265,103,0,8
FN:79,System.Void Hipstershop.CartItem::.ctor()
FNDA:24,System.Void Hipstershop.CartItem::.ctor()
DA:80,24
DA:82,12
DA:102,12
FN:87,System.Void Hipstershop.CartItem::.ctor(Hipstershop.CartItem)
FNDA:0,System.Void Hipstershop.CartItem::.ctor(Hipstershop.CartItem)
DA:88,0
DA:89,0
DA:90,0
DA:91,0
DA:92,0
FN:59,System.Void Hipstershop.CartItem::.cctor()
FNDA:6,System.Void Hipstershop.CartItem::.cctor()
DA:60,6
FN:298,Google.Protobuf.MessageParser`1<Hipstershop.AddItemRequest> Hipstershop.AddItemRequest::get_Parser()
FNDA:9,Google.Protobuf.MessageParser`1<Hipstershop.AddItemRequest> Hipstershop.AddItemRequest::get_Parser()
DA:299,9
FN:303,Google.Protobuf.Reflection.MessageDescriptor Hipstershop.AddItemRequest::get_Descriptor()
FNDA:0,Google.Protobuf.Reflection.MessageDescriptor Hipstershop.AddItemRequest::get_Descriptor()
DA:304,0
FN:309,Google.Protobuf.Reflection.MessageDescriptor Hipstershop.AddItemRequest::pb::Google.Protobuf.IMessage.get_Descriptor()
FNDA:0,Google.Protobuf.Reflection.MessageDescriptor Hipstershop.AddItemRequest::pb::Google.Protobuf.IMessage.get_Descriptor()
DA:310,0
FN:330,Hipstershop.AddItemRequest Hipstershop.AddItemRequest::Clone()
FNDA:0,Hipstershop.AddItemRequest Hipstershop.AddItemRequest::Clone()
DA:331,0
DA:332,0
DA:333,0
FN:340,System.String Hipstershop.AddItemRequest::get_UserId()
FNDA:45,System.String Hipstershop.AddItemRequest::get_UserId()
DA:341,45
FN:341,System.Void Hipstershop.AddItemRequest::set_UserId(System.String)
FNDA:5,System.Void Hipstershop.AddItemRequest::set_UserId(System.String)
DA:342,5
DA:343,5
DA:344,5
FN:352,Hipstershop.CartItem Hipstershop.AddItemRequest::get_Item()
FNDA:45,Hipstershop.CartItem Hipstershop.AddItemRequest::get_Item()
DA:353,45
FN:353,System.Void Hipstershop.AddItemRequest::set_Item(Hipstershop.CartItem)
FNDA:5,System.Void Hipstershop.AddItemRequest::set_Item(Hipstershop.CartItem)
DA:354,5
DA:355,5
DA:356,5
FN:360,System.Boolean Hipstershop.AddItemRequest::Equals(System.Object)
FNDA:0,System.Boolean Hipstershop.AddItemRequest::Equals(System.Object)
DA:361,0
DA:362,0
DA:363,0
FN:366,System.Boolean Hipstershop.AddItemRequest::Equals(Hipstershop.AddItemRequest)
FNDA:0,System.Boolean Hipstershop.AddItemRequest::Equals(Hipstershop.AddItemRequest)
DA:367,0
DA:368,0
DA:369,0
DA:371,0
DA:372,0
DA:374,0
DA:375,0
DA:376,0
DA:377,0
BRDA:368,7,0,0
BRDA:368,7,1,0
BRDA:371,20,0,0
BRDA:371,20,1,0
BRDA:374,46,0,0
BRDA:374,46,1,0
BRDA:375,76,0,0
BRDA:375,76,1,0
FN:380,System.Int32 Hipstershop.AddItemRequest::GetHashCode()
FNDA:0,System.Int32 Hipstershop.AddItemRequest::GetHashCode()
DA:381,0
DA:382,0
DA:383,0
DA:384,0
DA:385,0
DA:386,0
DA:387,0
DA:388,0
DA:389,0
BRDA:383,19,0,0
BRDA:383,19,1,0
BRDA:384,46,0,0
BRDA:384,46,1,0
BRDA:385,73,0,0
BRDA:385,73,1,0
FN:392,System.String Hipstershop.AddItemRequest::ToString()
FNDA:0,System.String Hipstershop.AddItemRequest::ToString()
DA:393,0
DA:394,0
DA:395,0
FN:398,System.Void Hipstershop.AddItemRequest::WriteTo(Google.Protobuf.CodedOutputStream)
FNDA:0,System.Void Hipstershop.AddItemRequest::WriteTo(Google.Protobuf.CodedOutputStream)
DA:399,0
DA:401,0
DA:415,0
FN:419,System.Void Hipstershop.AddItemRequest::pb::Google.Protobuf.IBufferMessage.InternalWriteTo(Google.Protobuf.WriteContext&)
FNDA:3,System.Void Hipstershop.AddItemRequest::pb::Google.Protobuf.IBufferMessage.InternalWriteTo(Google.Protobuf.WriteContext&)
DA:420,3
DA:421,6
DA:422,3
DA:423,3
DA:424,3
DA:425,6
DA:426,3
DA:427,3
DA:428,3
DA:429,3
DA:430,0
DA:431,0
DA:432,3
BRDA:421,17,0,3
BRDA:421,17,1,3
BRDA:425,54,0,3
BRDA:425,54,1,3
BRDA:429,91,0,0
BRDA:429,91,1,3
FN:436,System.Int32 Hipstershop.AddItemRequest::CalculateSize()
FNDA:3,System.Int32 Hipstershop.AddItemRequest::CalculateSize()
DA:437,3
DA:438,3
DA:439,6
DA:440,3
DA:441,3
DA:442,6
DA:443,3
DA:444,3
DA:445,3
DA:446,0
DA:447,0
DA:448,3
DA:449,3
BRDA:439,19,0,3
BRDA:439,19,1,3
BRDA:442,50,0,3
BRDA:442,50,1,3
BRDA:445,81,0,0
BRDA:445,81,1,3
FN:452,System.Void Hipstershop.AddItemRequest::MergeFrom(Hipstershop.AddItemRequest)
FNDA:0,System.Void Hipstershop.AddItemRequest::MergeFrom(Hipstershop.AddItemRequest)
DA:453,0
DA:454,0
DA:455,0
DA:457,0
DA:458,0
DA:459,0
DA:460,0
DA:461,0
DA:462,0
DA:463,0
DA:464,0
DA:465,0
DA:466,0
DA:467,0
BRDA:454,7,0,0
BRDA:454,7,1,0
BRDA:457,28,0,0
BRDA:457,28,1,0
BRDA:460,56,0,0
BRDA:461,70,0,0
BRDA:461,70,1,0
BRDA:460,56,1,0
FN:470,System.Void Hipstershop.AddItemRequest::MergeFrom(Google.Protobuf.CodedInputStream)
FNDA:0,System.Void Hipstershop.AddItemRequest::MergeFrom(Google.Protobuf.CodedInputStream)
DA:471,0
DA:473,0
DA:499,0
FN:503,System.Void Hipstershop.AddItemRequest::pb::Google.Protobuf.IBufferMessage.InternalMergeFrom(Google.Protobuf.ParseContext&)
FNDA:3,System.Void Hipstershop.AddItemRequest::pb::Google.Protobuf.IBufferMessage.InternalMergeFrom(Google.Protobuf.ParseContext&)
DA:504,3
DA:506,15
DA:507,6
DA:509,0
DA:511,6
DA:513,0
DA:514,0
DA:515,3
DA:516,3
DA:517,3
DA:519,3
DA:520,6
DA:521,3
DA:522,3
DA:523,3
DA:524,3
DA:527,6
DA:528,3
BRDA:506,132,1,6
BRDA:507,12,0,0
BRDA:507,12,1,6
BRDA:511,24,0,3
BRDA:511,31,0,0
BRDA:511,24,1,3
BRDA:511,31,1,3
BRDA:520,85,0,3
BRDA:520,85,1,3
BRDA:506,132,0,3
FN:314,System.Void Hipstershop.AddItemRequest::.ctor()
FNDA:10,System.Void Hipstershop.AddItemRequest::.ctor()
DA:315,10
DA:317,5
DA:337,5
FN:322,System.Void Hipstershop.AddItemRequest::.ctor(Hipstershop.AddItemRequest)
FNDA:0,System.Void Hipstershop.AddItemRequest::.ctor(Hipstershop.AddItemRequest)
DA:323,0
DA:324,0
DA:325,0
DA:326,0
DA:327,0
BRDA:325,27,0,0
BRDA:325,27,1,0
FN:294,System.Void Hipstershop.AddItemRequest::.cctor()
FNDA:4,System.Void Hipstershop.AddItemRequest::.cctor()
DA:295,4
FN:542,Google.Protobuf.MessageParser`1<Hipstershop.EmptyCartRequest> Hipstershop.EmptyCartRequest::get_Parser()
FNDA:6,Google.Protobuf.MessageParser`1<Hipstershop.EmptyCartRequest> Hipstershop.EmptyCartRequest::get_Parser()
DA:543,6
FN:547,Google.Protobuf.Reflection.MessageDescriptor Hipstershop.EmptyCartRequest::get_Descriptor()
FNDA:0,Google.Protobuf.Reflection.MessageDescriptor Hipstershop.EmptyCartRequest::get_Descriptor()
DA:548,0
FN:553,Google.Protobuf.Reflection.MessageDescriptor Hipstershop.EmptyCartRequest::pb::Google.Protobuf.IMessage.get_Descriptor()
FNDA:0,Google.Protobuf.Reflection.MessageDescriptor Hipstershop.EmptyCartRequest::pb::Google.Protobuf.IMessage.get_Descriptor()
DA:554,0
FN:573,Hipstershop.EmptyCartRequest Hipstershop.EmptyCartRequest::Clone()
FNDA:0,Hipstershop.EmptyCartRequest Hipstershop.EmptyCartRequest::Clone()
DA:574,0
DA:575,0
DA:576,0
FN:583,System.String Hipstershop.EmptyCartRequest::get_UserId()
FNDA:30,System.String Hipstershop.EmptyCartRequest::get_UserId()
DA:584,30
FN:584,System.Void Hipstershop.EmptyCartRequest::set_UserId(System.String)
FNDA:4,System.Void Hipstershop.EmptyCartRequest::set_UserId(System.String)
DA:585,4
DA:586,4
DA:587,4
FN:591,System.Boolean Hipstershop.EmptyCartRequest::Equals(System.Object)
FNDA:0,System.Boolean Hipstershop.EmptyCartRequest::Equals(System.Object)
DA:592,0
DA:593,0
DA:594,0
FN:597,System.Boolean Hipstershop.EmptyCartRequest::Equals(Hipstershop.EmptyCartRequest)
FNDA:0,System.Boolean Hipstershop.EmptyCartRequest::Equals(Hipstershop.EmptyCartRequest)
DA:598,0
DA:599,0
DA:600,0
DA:602,0
DA:603,0
DA:605,0
DA:606,0
DA:607,0
BRDA:599,7,0,0
BRDA:599,7,1,0
BRDA:602,20,0,0
BRDA:602,20,1,0
BRDA:605,46,0,0
BRDA:605,46,1,0
FN:610,System.Int32 Hipstershop.EmptyCartRequest::GetHashCode()
FNDA:0,System.Int32 Hipstershop.EmptyCartRequest::GetHashCode()
DA:611,0
DA:612,0
DA:613,0
DA:614,0
DA:615,0
DA:616,0
DA:617,0
DA:618,0
BRDA:613,19,0,0
BRDA:613,19,1,0
BRDA:614,46,0,0
BRDA:614,46,1,0
FN:621,System.String Hipstershop.EmptyCartRequest::ToString()
FNDA:0,System.String Hipstershop.EmptyCartRequest::ToString()
DA:622,0
DA:623,0
DA:624,0
FN:627,System.Void Hipstershop.EmptyCartRequest::WriteTo(Google.Protobuf.CodedOutputStream)
FNDA:0,System.Void Hipstershop.EmptyCartRequest::WriteTo(Google.Protobuf.CodedOutputStream)
DA:628,0
DA:630,0
DA:640,0
FN:644,System.Void Hipstershop.EmptyCartRequest::pb::Google.Protobuf.IBufferMessage.InternalWriteTo(Google.Protobuf.WriteContext&)
FNDA:2,System.Void Hipstershop.EmptyCartRequest::pb::Google.Protobuf.IBufferMessage.InternalWriteTo(Google.Protobuf.WriteContext&)
DA:645,2
DA:646,4
DA:647,2
DA:648,2
DA:649,2
DA:650,2
DA:651,0
DA:652,0
DA:653,2
BRDA:646,17,0,2
BRDA:646,17,1,2
BRDA:650,54,0,0
BRDA:650,54,1,2
FN:657,System.Int32 Hipstershop.EmptyCartRequest::CalculateSize()
FNDA:2,System.Int32 Hipstershop.EmptyCartRequest::CalculateSize()
DA:658,2
DA:659,2
DA:660,4
DA:661,2
DA:662,2
DA:663,2
DA:664,0
DA:665,0
DA:666,2
DA:667,2
BRDA:660,19,0,2
BRDA:660,19,1,2
BRDA:663,50,0,0
BRDA:663,50,1,2
FN:670,System.Void Hipstershop.EmptyCartRequest::MergeFrom(Hipstershop.EmptyCartRequest)
FNDA:0,System.Void Hipstershop.EmptyCartRequest::MergeFrom(Hipstershop.EmptyCartRequest)
DA:671,0
DA:672,0
DA:673,0
DA:675,0
DA:676,0
DA:677,0
DA:678,0
DA:679,0
BRDA:672,7,0,0
BRDA:672,7,1,0
BRDA:675,28,0,0
BRDA:675,28,1,0
FN:682,System.Void Hipstershop.EmptyCartRequest::MergeFrom(Google.Protobuf.CodedInputStream)
FNDA:0,System.Void Hipstershop.EmptyCartRequest::MergeFrom(Google.Protobuf.CodedInputStream)
DA:683,0
DA:685,0
DA:704,0
FN:708,System.Void Hipstershop.EmptyCartRequest::pb::Google.Protobuf.IBufferMessage.InternalMergeFrom(Google.Protobuf.ParseContext&)
FNDA:2,System.Void Hipstershop.EmptyCartRequest::pb::Google.Protobuf.IBufferMessage.InternalMergeFrom(Google.Protobuf.ParseContext&)
DA:709,2
DA:711,6
DA:712,2
DA:714,0
DA:716,2
DA:718,0
DA:719,0
DA:720,2
DA:721,2
DA:722,2
DA:725,2
DA:726,2
BRDA:711,80,1,2
BRDA:712,12,0,0
BRDA:712,12,1,2
BRDA:716,24,0,0
BRDA:716,24,1,2
BRDA:711,80,0,2
FN:558,System.Void Hipstershop.EmptyCartRequest::.ctor()
FNDA:8,System.Void Hipstershop.EmptyCartRequest::.ctor()
DA:559,8
DA:561,4
DA:580,4
FN:566,System.Void Hipstershop.EmptyCartRequest::.ctor(Hipstershop.EmptyCartRequest)
FNDA:0,System.Void Hipstershop.EmptyCartRequest::.ctor(Hipstershop.EmptyCartRequest)
DA:567,0
DA:568,0
DA:569,0
DA:570,0
FN:538,System.Void Hipstershop.EmptyCartRequest::.cctor()
FNDA:3,System.Void Hipstershop.EmptyCartRequest::.cctor()
DA:539,3
FN:740,Google.Protobuf.MessageParser`1<Hipstershop.GetCartRequest> Hipstershop.GetCartRequest::get_Parser()
FNDA:12,Google.Protobuf.MessageParser`1<Hipstershop.GetCartRequest> Hipstershop.GetCartRequest::get_Parser()
DA:741,12
FN:745,Google.Protobuf.Reflection.MessageDescriptor Hipstershop.GetCartRequest::get_Descriptor()
FNDA:0,Google.Protobuf.Reflection.MessageDescriptor Hipstershop.GetCartRequest::get_Descriptor()
DA:746,0
FN:751,Google.Protobuf.Reflection.MessageDescriptor Hipstershop.GetCartRequest::pb::Google.Protobuf.IMessage.get_Descriptor()
FNDA:0,Google.Protobuf.Reflection.MessageDescriptor Hipstershop.GetCartRequest::pb::Google.Protobuf.IMessage.get_Descriptor()
DA:752,0
FN:771,Hipstershop.GetCartRequest Hipstershop.GetCartRequest::Clone()
FNDA:0,Hipstershop.GetCartRequest Hipstershop.GetCartRequest::Clone()
DA:772,0
DA:773,0
DA:774,0
FN:781,System.String Hipstershop.GetCartRequest::get_UserId()
FNDA:60,System.String Hipstershop.GetCartRequest::get_UserId()
DA:782,60
FN:782,System.Void Hipstershop.GetCartRequest::set_UserId(System.String)
FNDA:7,System.Void Hipstershop.GetCartRequest::set_UserId(System.String)
DA:783,7
DA:784,7
DA:785,7
FN:789,System.Boolean Hipstershop.GetCartRequest::Equals(System.Object)
FNDA:0,System.Boolean Hipstershop.GetCartRequest::Equals(System.Object)
DA:790,0
DA:791,0
DA:792,0
FN:795,System.Boolean Hipstershop.GetCartRequest::Equals(Hipstershop.GetCartRequest)
FNDA:0,System.Boolean Hipstershop.GetCartRequest::Equals(Hipstershop.GetCartRequest)
DA:796,0
DA:797,0
DA:798,0
DA:800,0
DA:801,0
DA:803,0
DA:804,0
DA:805,0
BRDA:797,7,0,0
BRDA:797,7,1,0
BRDA:800,20,0,0
BRDA:800,20,1,0
BRDA:803,46,0,0
BRDA:803,46,1,0
FN:808,System.Int32 Hipstershop.GetCartRequest::GetHashCode()
FNDA:0,System.Int32 Hipstershop.GetCartRequest::GetHashCode()
DA:809,0
DA:810,0
DA:811,0
DA:812,0
DA:813,0
DA:814,0
DA:815,0
DA:816,0
BRDA:811,19,0,0
BRDA:811,19,1,0
BRDA:812,46,0,0
BRDA:812,46,1,0
FN:819,System.String Hipstershop.GetCartRequest::ToString()
FNDA:0,System.String Hipstershop.GetCartRequest::ToString()
DA:820,0
DA:821,0
DA:822,0
FN:825,System.Void Hipstershop.GetCartRequest::WriteTo(Google.Protobuf.CodedOutputStream)
FNDA:0,System.Void Hipstershop.GetCartRequest::WriteTo(Google.Protobuf.CodedOutputStream)
DA:826,0
DA:828,0
DA:838,0
FN:842,System.Void Hipstershop.GetCartRequest::pb::Google.Protobuf.IBufferMessage.InternalWriteTo(Google.Protobuf.WriteContext&)
FNDA:4,System.Void Hipstershop.GetCartRequest::pb::Google.Protobuf.IBufferMessage.InternalWriteTo(Google.Protobuf.WriteContext&)
DA:843,4
DA:844,8
DA:845,4
DA:846,4
DA:847,4
DA:848,4
DA:849,0
DA:850,0
DA:851,4
BRDA:844,17,0,4
BRDA:844,17,1,4
BRDA:848,54,0,0
BRDA:848,54,1,4
FN:855,System.Int32 Hipstershop.GetCartRequest::CalculateSize()
FNDA:4,System.Int32 Hipstershop.GetCartRequest::CalculateSize()
DA:856,4
DA:857,4
DA:858,8
DA:859,4
DA:860,4
DA:861,4
DA:862,0
DA:863,0
DA:864,4
DA:865,4
BRDA:858,19,0,4
BRDA:858,19,1,4
BRDA:861,50,0,0
BRDA:861,50,1,4
FN:868,System.Void Hipstershop.GetCartRequest::MergeFrom(Hipstershop.GetCartRequest)
FNDA:0,System.Void Hipstershop.GetCartRequest::MergeFrom(Hipstershop.GetCartRequest)
DA:869,0
DA:870,0
DA:871,0
DA:873,0
DA:874,0
DA:875,0
DA:876,0
DA:877,0
BRDA:870,7,0,0
BRDA:870,7,1,0
BRDA:873,28,0,0
BRDA:873,28,1,0
FN:880,System.Void Hipstershop.GetCartRequest::MergeFrom(Google.Protobuf.CodedInputStream)
FNDA:0,System.Void Hipstershop.GetCartRequest::MergeFrom(Google.Protobuf.CodedInputStream)
DA:881,0
DA:883,0
DA:902,0
FN:906,System.Void Hipstershop.GetCartRequest::pb::Google.Protobuf.IBufferMessage.InternalMergeFrom(Google.Protobuf.ParseContext&)
FNDA:4,System.Void Hipstershop.GetCartRequest::pb::Google.Protobuf.IBufferMessage.InternalMergeFrom(Google.Protobuf.ParseContext&)
DA:907,4
DA:909,12
DA:910,4
DA:912,0
DA:914,4
DA:916,0
DA:917,0
DA:918,4
DA:919,4
DA:920,4
DA:923,4
DA:924,4
BRDA:909,80,1,4
BRDA:910,12,0,0
BRDA:910,12,1,4
BRDA:914,24,0,0
BRDA:914,24,1,4
BRDA:909,80,0,4
FN:756,System.Void Hipstershop.GetCartRequest::.ctor()
FNDA:14,System.Void Hipstershop.GetCartRequest::.ctor()
DA:757,14
DA:759,7
DA:778,7
FN:764,System.Void Hipstershop.GetCartRequest::.ctor(Hipstershop.GetCartRequest)
FNDA:0,System.Void Hipstershop.GetCartRequest::.ctor(Hipstershop.GetCartRequest)
DA:765,0
DA:766,0
DA:767,0
DA:768,0
FN:736,System.Void Hipstershop.GetCartRequest::.cctor()
FNDA:5,System.Void Hipstershop.GetCartRequest::.cctor()
DA:737,5
FN:938,Google.Protobuf.MessageParser`1<Hipstershop.Cart> Hipstershop.Cart::get_Parser()
FNDA:24,Google.Protobuf.MessageParser`1<Hipstershop.Cart> Hipstershop.Cart::get_Parser()
DA:939,24
FN:943,Google.Protobuf.Reflection.MessageDescriptor Hipstershop.Cart::get_Descriptor()
FNDA:0,Google.Protobuf.Reflection.MessageDescriptor Hipstershop.Cart::get_Descriptor()
DA:944,0
FN:949,Google.Protobuf.Reflection.MessageDescriptor Hipstershop.Cart::pb::Google.Protobuf.IMessage.get_Descriptor()
FNDA:0,Google.Protobuf.Reflection.MessageDescriptor Hipstershop.Cart::pb::Google.Protobuf.IMessage.get_Descriptor()
DA:950,0
FN:970,Hipstershop.Cart Hipstershop.Cart::Clone()
FNDA:0,Hipstershop.Cart Hipstershop.Cart::Clone()
DA:971,0
DA:972,0
DA:973,0
FN:980,System.String Hipstershop.Cart::get_UserId()
FNDA:96,System.String Hipstershop.Cart::get_UserId()
DA:981,96
FN:981,System.Void Hipstershop.Cart::set_UserId(System.String)
FNDA:7,System.Void Hipstershop.Cart::set_UserId(System.String)
DA:982,7
DA:983,7
DA:984,7
FN:994,Google.Protobuf.Collections.RepeatedField`1<Hipstershop.CartItem> Hipstershop.Cart::get_Items()
FNDA:21,Google.Protobuf.Collections.RepeatedField`1<Hipstershop.CartItem> Hipstershop.Cart::get_Items()
DA:995,21
FN:999,System.Boolean Hipstershop.Cart::Equals(System.Object)
FNDA:0,System.Boolean Hipstershop.Cart::Equals(System.Object)
DA:1000,0
DA:1001,0
DA:1002,0
FN:1005,System.Boolean Hipstershop.Cart::Equals(Hipstershop.Cart)
FNDA:1,System.Boolean Hipstershop.Cart::Equals(Hipstershop.Cart)
DA:1006,1
DA:1007,1
DA:1008,0
DA:1010,1
DA:1011,0
DA:1013,1
DA:1014,1
DA:1015,1
DA:1016,1
BRDA:1007,7,0,0
BRDA:1007,7,1,1
BRDA:1010,20,0,0
BRDA:1010,20,1,1
BRDA:1013,46,0,0
BRDA:1013,46,1,1
BRDA:1014,76,0,0
BRDA:1014,76,1,1
FN:1019,System.Int32 Hipstershop.Cart::GetHashCode()
FNDA:0,System.Int32 Hipstershop.Cart::GetHashCode()
DA:1020,0
DA:1021,0
DA:1022,0
DA:1023,0
DA:1024,0
DA:1025,0
DA:1026,0
DA:1027,0
DA:1028,0
BRDA:1022,19,0,0
BRDA:1022,19,1,0
BRDA:1024,60,0,0
BRDA:1024,60,1,0
FN:1031,System.String Hipstershop.Cart::ToString()
FNDA:0,System.String Hipstershop.Cart::ToString()
DA:1032,0
DA:1033,0
DA:1034,0
FN:1037,System.Void Hipstershop.Cart::WriteTo(Google.Protobuf.CodedOutputStream)
FNDA:5,System.Void Hipstershop.Cart::WriteTo(Google.Protobuf.CodedOutputStream)
DA:1038,5
DA:1040,5
DA:1051,5
FN:1055,System.Void Hipstershop.Cart::pb::Google.Protobuf.IBufferMessage.InternalWriteTo(Google.Protobuf.WriteContext&)
FNDA:9,System.Void Hipstershop.Cart::pb::Google.Protobuf.IBufferMessage.InternalWriteTo(Google.Protobuf.WriteContext&)
DA:1056,9
DA:1057,14
DA:1058,5
DA:1059,5
DA:1060,5
DA:1061,9
DA:1062,9
DA:1063,0
DA:1064,0
DA:1065,9
BRDA:1057,17,0,5
BRDA:1057,17,1,9
BRDA:1062,72,0,0
BRDA:1062,72,1,9
FN:1069,System.Int32 Hipstershop.Cart::CalculateSize()
FNDA:9,System.Int32 Hipstershop.Cart::CalculateSize()
DA:1070,9
DA:1071,9
DA:1072,14
DA:1073,5
DA:1074,5
DA:1075,9
DA:1076,9
DA:1077,0
DA:1078,0
DA:1079,9
DA:1080,9
BRDA:1072,19,0,5
BRDA:1072,19,1,9
BRDA:1076,69,0,0
BRDA:1076,69,1,9
FN:1083,System.Void Hipstershop.Cart::MergeFrom(Hipstershop.Cart)
FNDA:0,System.Void Hipstershop.Cart::MergeFrom(Hipstershop.Cart)
DA:1084,0
DA:1085,0
DA:1086,0
DA:1088,0
DA:1089,0
DA:1090,0
DA:1091,0
DA:1092,0
DA:1093,0
BRDA:1085,7,0,0
BRDA:1085,7,1,0
BRDA:1088,28,0,0
BRDA:1088,28,1,0
FN:1096,System.Void Hipstershop.Cart::MergeFrom(Google.Protobuf.CodedInputStream)
FNDA:4,System.Void Hipstershop.Cart::MergeFrom(Google.Protobuf.CodedInputStream)
DA:1097,4
DA:1099,4
DA:1122,4
FN:1126,System.Void Hipstershop.Cart::pb::Google.Protobuf.IBufferMessage.InternalMergeFrom(Google.Protobuf.ParseContext&)
FNDA:8,System.Void Hipstershop.Cart::pb::Google.Protobuf.IBufferMessage.InternalMergeFrom(Google.Protobuf.ParseContext&)
DA:1127,8
DA:1129,28
DA:1130,10
DA:1132,0
DA:1134,10
DA:1136,0
DA:1137,0
DA:1138,5
DA:1139,5
DA:1140,5
DA:1142,5
DA:1143,5
DA:1144,5
DA:1147,10
DA:1148,8
BRDA:1129,108,1,10
BRDA:1130,12,0,0
BRDA:1130,12,1,10
BRDA:1134,24,0,5
BRDA:1134,31,0,0
BRDA:1134,24,1,5
BRDA:1134,31,1,5
BRDA:1129,108,0,8
FN:954,System.Void Hipstershop.Cart::.ctor()
FNDA:28,System.Void Hipstershop.Cart::.ctor()
DA:955,28
DA:957,14
DA:977,14
DA:991,14
FN:962,System.Void Hipstershop.Cart::.ctor(Hipstershop.Cart)
FNDA:0,System.Void Hipstershop.Cart::.ctor(Hipstershop.Cart)
DA:963,0
DA:964,0
DA:965,0
DA:966,0
DA:967,0
FN:934,System.Void Hipstershop.Cart::.cctor()
FNDA:9,System.Void Hipstershop.Cart::.cctor()
DA:935,9
DA:989,1
DA:990,1
FN:1162,Google.Protobuf.MessageParser`1<Hipstershop.Empty> Hipstershop.Empty::get_Parser()
FNDA:15,Google.Protobuf.MessageParser`1<Hipstershop.Empty> Hipstershop.Empty::get_Parser()
DA:1163,15
FN:1167,Google.Protobuf.Reflection.MessageDescriptor Hipstershop.Empty::get_Descriptor()
FNDA:0,Google.Protobuf.Reflection.MessageDescriptor Hipstershop.Empty::get_Descriptor()
DA:1168,0
FN:1173,Google.Protobuf.Reflection.MessageDescriptor Hipstershop.Empty::pb::Google.Protobuf.IMessage.get_Descriptor()
FNDA:0,Google.Protobuf.Reflection.MessageDescriptor Hipstershop.Empty::pb::Google.Protobuf.IMessage.get_Descriptor()
DA:1174,0
FN:1192,Hipstershop.Empty Hipstershop.Empty::Clone()
FNDA:0,Hipstershop.Empty Hipstershop.Empty::Clone()
DA:1193,0
DA:1194,0
DA:1195,0
FN:1198,System.Boolean Hipstershop.Empty::Equals(System.Object)
FNDA:0,System.Boolean Hipstershop.Empty::Equals(System.Object)
DA:1199,0
DA:1200,0
DA:1201,0
FN:1204,System.Boolean Hipstershop.Empty::Equals(Hipstershop.Empty)
FNDA:0,System.Boolean Hipstershop.Empty::Equals(Hipstershop.Empty)
DA:1205,0
DA:1206,0
DA:1207,0
DA:1209,0
DA:1210,0
DA:1212,0
DA:1213,0
BRDA:1206,7,0,0
BRDA:1206,7,1,0
BRDA:1209,20,0,0
BRDA:1209,20,1,0
FN:1216,System.Int32 Hipstershop.Empty::GetHashCode()
FNDA:0,System.Int32 Hipstershop.Empty::GetHashCode()
DA:1217,0
DA:1218,0
DA:1219,0
DA:1220,0
DA:1221,0
DA:1222,0
DA:1223,0
BRDA:1219,14,0,0
BRDA:1219,14,1,0
FN:1226,System.String Hipstershop.Empty::ToString()
FNDA:0,System.String Hipstershop.Empty::ToString()
DA:1227,0
DA:1228,0
DA:1229,0
FN:1232,System.Void Hipstershop.Empty::WriteTo(Google.Protobuf.CodedOutputStream)
FNDA:0,System.Void Hipstershop.Empty::WriteTo(Google.Protobuf.CodedOutputStream)
DA:1233,0
DA:1235,0
DA:1241,0
FN:1245,System.Void Hipstershop.Empty::pb::Google.Protobuf.IBufferMessage.InternalWriteTo(Google.Protobuf.WriteContext&)
FNDA:5,System.Void Hipstershop.Empty::pb::Google.Protobuf.IBufferMessage.InternalWriteTo(Google.Protobuf.WriteContext&)
DA:1246,5
DA:1247,5
DA:1248,0
DA:1249,0
DA:1250,5
BRDA:1247,12,0,0
BRDA:1247,12,1,5
FN:1254,System.Int32 Hipstershop.Empty::CalculateSize()
FNDA:5,System.Int32 Hipstershop.Empty::CalculateSize()
DA:1255,5
DA:1256,5
DA:1257,5
DA:1258,0
DA:1259,0
DA:1260,5
DA:1261,5
BRDA:1257,14,0,0
BRDA:1257,14,1,5
FN:1264,System.Void Hipstershop.Empty::MergeFrom(Hipstershop.Empty)
FNDA:0,System.Void Hipstershop.Empty::MergeFrom(Hipstershop.Empty)
DA:1265,0
DA:1266,0
DA:1267,0
DA:1269,0
DA:1270,0
BRDA:1266,7,0,0
BRDA:1266,7,1,0
FN:1273,System.Void Hipstershop.Empty::MergeFrom(Google.Protobuf.CodedInputStream)
FNDA:0,System.Void Hipstershop.Empty::MergeFrom(Google.Protobuf.CodedInputStream)
DA:1274,0
DA:1276,0
DA:1291,0
FN:1295,System.Void Hipstershop.Empty::pb::Google.Protobuf.IBufferMessage.InternalMergeFrom(Google.Protobuf.ParseContext&)
FNDA:5,System.Void Hipstershop.Empty::pb::Google.Protobuf.IBufferMessage.InternalMergeFrom(Google.Protobuf.ParseContext&)
DA:1296,5
DA:1298,5
DA:1299,0
DA:1301,0
DA:1303,0
DA:1305,0
DA:1306,0
DA:1308,0
DA:1309,5
BRDA:1298,59,1,0
BRDA:1299,12,0,0
BRDA:1299,12,1,0
BRDA:1298,59,0,5
FN:1178,System.Void Hipstershop.Empty::.ctor()
FNDA:12,System.Void Hipstershop.Empty::.ctor()
DA:1179,12
DA:1181,6
FN:1186,System.Void Hipstershop.Empty::.ctor(Hipstershop.Empty)
FNDA:0,System.Void Hipstershop.Empty::.ctor(Hipstershop.Empty)
DA:1187,0
DA:1188,0
DA:1189,0
FN:1158,System.Void Hipstershop.Empty::.cctor()
FNDA:6,System.Void Hipstershop.Empty::.cctor()
DA:1159,6
LF:575
LH:233
BRF:190
BRH:73
FNF:119
FNH:54
end_of_record
SF:/Users/sammi/work/cisco-demo/microservices-demo/src/cartservice/src/obj/Debug/net9.0/protos/CartGrpc.cs
FN:31,System.Void Hipstershop.CartService::__Helper_SerializeMessage(Google.Protobuf.IMessage,Grpc.Core.SerializationContext)
FNDA:18,System.Void Hipstershop.CartService::__Helper_SerializeMessage(Google.Protobuf.IMessage,Grpc.Core.SerializationContext)
DA:32,18
DA:34,18
DA:35,18
DA:36,18
DA:37,18
DA:38,18
DA:39,18
DA:42,0
DA:43,18
BRDA:34,12,0,18
BRDA:34,12,1,0
FN:52,T Hipstershop.CartService::__Helper_DeserializeMessage(Grpc.Core.DeserializationContext,Google.Protobuf.MessageParser`1<T>)
FNDA:18,T Hipstershop.CartService::__Helper_DeserializeMessage(Grpc.Core.DeserializationContext,Google.Protobuf.MessageParser`1<T>)
DA:53,18
DA:55,18
DA:56,18
DA:57,18
DA:60,0
DA:61,18
BRDA:55,8,0,18
BRDA:55,8,1,0
FN:100,Google.Protobuf.Reflection.ServiceDescriptor Hipstershop.CartService::get_Descriptor()
FNDA:0,Google.Protobuf.Reflection.ServiceDescriptor Hipstershop.CartService::get_Descriptor()
DA:101,0
FN:226,Grpc.Core.ServerServiceDefinition Hipstershop.CartService::BindService(Hipstershop.CartService/CartServiceBase)
FNDA:0,Grpc.Core.ServerServiceDefinition Hipstershop.CartService::BindService(Hipstershop.CartService/CartServiceBase)
DA:227,0
DA:228,0
DA:229,0
DA:230,0
DA:231,0
DA:232,0
FN:239,System.Void Hipstershop.CartService::BindService(Grpc.Core.ServiceBinderBase,Hipstershop.CartService/CartServiceBase)
FNDA:3,System.Void Hipstershop.CartService::BindService(Grpc.Core.ServiceBinderBase,Hipstershop.CartService/CartServiceBase)
DA:240,3
DA:241,3
DA:242,3
DA:243,3
DA:244,3
BRDA:241,8,0,0
BRDA:241,8,1,3
BRDA:242,39,0,0
BRDA:242,39,1,3
BRDA:243,70,0,0
BRDA:243,70,1,3
FN:27,System.Void Hipstershop.CartService::.cctor()
FNDA:1,System.Void Hipstershop.CartService::.cctor()
DA:28,1
DA:64,4
DA:66,6
DA:68,5
DA:70,5
DA:72,3
DA:75,1
DA:76,1
DA:77,1
DA:78,1
DA:79,1
DA:80,1
DA:83,1
DA:84,1
DA:85,1
DA:86,1
DA:87,1
DA:88,1
DA:91,1
DA:92,1
DA:93,1
DA:94,1
DA:95,1
DA:96,1
FN:47,System.Void Hipstershop.CartService/__Helper_MessageCache`1::.cctor()
FNDA:5,System.Void Hipstershop.CartService/__Helper_MessageCache`1::.cctor()
DA:48,5
FN:109,System.Threading.Tasks.Task`1<Hipstershop.Empty> Hipstershop.CartService/CartServiceBase::AddItem(Hipstershop.AddItemRequest,Grpc.Core.ServerCallContext)
FNDA:0,System.Threading.Tasks.Task`1<Hipstershop.Empty> Hipstershop.CartService/CartServiceBase::AddItem(Hipstershop.AddItemRequest,Grpc.Core.ServerCallContext)
DA:110,0
DA:111,0
FN:115,System.Threading.Tasks.Task`1<Hipstershop.Cart> Hipstershop.CartService/CartServiceBase::GetCart(Hipstershop.GetCartRequest,Grpc.Core.ServerCallContext)
FNDA:0,System.Threading.Tasks.Task`1<Hipstershop.Cart> Hipstershop.CartService/CartServiceBase::GetCart(Hipstershop.GetCartRequest,Grpc.Core.ServerCallContext)
DA:116,0
DA:117,0
FN:121,System.Threading.Tasks.Task`1<Hipstershop.Empty> Hipstershop.CartService/CartServiceBase::EmptyCart(Hipstershop.EmptyCartRequest,Grpc.Core.ServerCallContext)
FNDA:0,System.Threading.Tasks.Task`1<Hipstershop.Empty> Hipstershop.CartService/CartServiceBase::EmptyCart(Hipstershop.EmptyCartRequest,Grpc.Core.ServerCallContext)
DA:122,0
DA:123,0
FN:156,Hipstershop.Empty Hipstershop.CartService/CartServiceClient::AddItem(Hipstershop.AddItemRequest,Grpc.Core.Metadata,System.Nullable`1<System.DateTime>,System.Threading.CancellationToken)
FNDA:0,Hipstershop.Empty Hipstershop.CartService/CartServiceClient::AddItem(Hipstershop.AddItemRequest,Grpc.Core.Metadata,System.Nullable`1<System.DateTime>,System.Threading.CancellationToken)
DA:157,0
DA:158,0
DA:159,0
FN:161,Hipstershop.Empty Hipstershop.CartService/CartServiceClient::AddItem(Hipstershop.AddItemRequest,Grpc.Core.CallOptions)
FNDA:0,Hipstershop.Empty Hipstershop.CartService/CartServiceClient::AddItem(Hipstershop.AddItemRequest,Grpc.Core.CallOptions)
DA:162,0
DA:163,0
DA:164,0
FN:166,Grpc.Core.AsyncUnaryCall`1<Hipstershop.Empty> Hipstershop.CartService/CartServiceClient::AddItemAsync(Hipstershop.AddItemRequest,Grpc.Core.Metadata,System.Nullable`1<System.DateTime>,System.Threading.CancellationToken)
FNDA:3,Grpc.Core.AsyncUnaryCall`1<Hipstershop.Empty> Hipstershop.CartService/CartServiceClient::AddItemAsync(Hipstershop.AddItemRequest,Grpc.Core.Metadata,System.Nullable`1<System.DateTime>,System.Threading.CancellationToken)
DA:167,3
DA:168,3
DA:169,3
FN:171,Grpc.Core.AsyncUnaryCall`1<Hipstershop.Empty> Hipstershop.CartService/CartServiceClient::AddItemAsync(Hipstershop.AddItemRequest,Grpc.Core.CallOptions)
FNDA:3,Grpc.Core.AsyncUnaryCall`1<Hipstershop.Empty> Hipstershop.CartService/CartServiceClient::AddItemAsync(Hipstershop.AddItemRequest,Grpc.Core.CallOptions)
DA:172,3
DA:173,3
DA:174,3
FN:176,Hipstershop.Cart Hipstershop.CartService/CartServiceClient::GetCart(Hipstershop.GetCartRequest,Grpc.Core.Metadata,System.Nullable`1<System.DateTime>,System.Threading.CancellationToken)
FNDA:0,Hipstershop.Cart Hipstershop.CartService/CartServiceClient::GetCart(Hipstershop.GetCartRequest,Grpc.Core.Metadata,System.Nullable`1<System.DateTime>,System.Threading.CancellationToken)
DA:177,0
DA:178,0
DA:179,0
FN:181,Hipstershop.Cart Hipstershop.CartService/CartServiceClient::GetCart(Hipstershop.GetCartRequest,Grpc.Core.CallOptions)
FNDA:0,Hipstershop.Cart Hipstershop.CartService/CartServiceClient::GetCart(Hipstershop.GetCartRequest,Grpc.Core.CallOptions)
DA:182,0
DA:183,0
DA:184,0
FN:186,Grpc.Core.AsyncUnaryCall`1<Hipstershop.Cart> Hipstershop.CartService/CartServiceClient::GetCartAsync(Hipstershop.GetCartRequest,Grpc.Core.Metadata,System.Nullable`1<System.DateTime>,System.Threading.CancellationToken)
FNDA:4,Grpc.Core.AsyncUnaryCall`1<Hipstershop.Cart> Hipstershop.CartService/CartServiceClient::GetCartAsync(Hipstershop.GetCartRequest,Grpc.Core.Metadata,System.Nullable`1<System.DateTime>,System.Threading.CancellationToken)
DA:187,4
DA:188,4
DA:189,4
FN:191,Grpc.Core.AsyncUnaryCall`1<Hipstershop.Cart> Hipstershop.CartService/CartServiceClient::GetCartAsync(Hipstershop.GetCartRequest,Grpc.Core.CallOptions)
FNDA:4,Grpc.Core.AsyncUnaryCall`1<Hipstershop.Cart> Hipstershop.CartService/CartServiceClient::GetCartAsync(Hipstershop.GetCartRequest,Grpc.Core.CallOptions)
DA:192,4
DA:193,4
DA:194,4
FN:196,Hipstershop.Empty Hipstershop.CartService/CartServiceClient::EmptyCart(Hipstershop.EmptyCartRequest,Grpc.Core.Metadata,System.Nullable`1<System.DateTime>,System.Threading.CancellationToken)
FNDA:0,Hipstershop.Empty Hipstershop.CartService/CartServiceClient::EmptyCart(Hipstershop.EmptyCartRequest,Grpc.Core.Metadata,System.Nullable`1<System.DateTime>,System.Threading.CancellationToken)
DA:197,0
DA:198,0
DA:199,0
FN:201,Hipstershop.Empty Hipstershop.CartService/CartServiceClient::EmptyCart(Hipstershop.EmptyCartRequest,Grpc.Core.CallOptions)
FNDA:0,Hipstershop.Empty Hipstershop.CartService/CartServiceClient::EmptyCart(Hipstershop.EmptyCartRequest,Grpc.Core.CallOptions)
DA:202,0
DA:203,0
DA:204,0
FN:206,Grpc.Core.AsyncUnaryCall`1<Hipstershop.Empty> Hipstershop.CartService/CartServiceClient::EmptyCartAsync(Hipstershop.EmptyCartRequest,Grpc.Core.Metadata,System.Nullable`1<System.DateTime>,System.Threading.CancellationToken)
FNDA:2,Grpc.Core.AsyncUnaryCall`1<Hipstershop.Empty> Hipstershop.CartService/CartServiceClient::EmptyCartAsync(Hipstershop.EmptyCartRequest,Grpc.Core.Metadata,System.Nullable`1<System.DateTime>,System.Threading.CancellationToken)
DA:207,2
DA:208,2
DA:209,2
FN:211,Grpc.Core.AsyncUnaryCall`1<Hipstershop.Empty> Hipstershop.CartService/CartServiceClient::EmptyCartAsync(Hipstershop.EmptyCartRequest,Grpc.Core.CallOptions)
FNDA:2,Grpc.Core.AsyncUnaryCall`1<Hipstershop.Empty> Hipstershop.CartService/CartServiceClient::EmptyCartAsync(Hipstershop.EmptyCartRequest,Grpc.Core.CallOptions)
DA:212,2
DA:213,2
DA:214,2
FN:217,Hipstershop.CartService/CartServiceClient Hipstershop.CartService/CartServiceClient::NewInstance(Grpc.Core.ClientBase/ClientBaseConfiguration)
FNDA:0,Hipstershop.CartService/CartServiceClient Hipstershop.CartService/CartServiceClient::NewInstance(Grpc.Core.ClientBase/ClientBaseConfiguration)
DA:218,0
DA:219,0
DA:220,0
FN:133,System.Void Hipstershop.CartService/CartServiceClient::.ctor(Grpc.Core.ChannelBase)
FNDA:3,System.Void Hipstershop.CartService/CartServiceClient::.ctor(Grpc.Core.ChannelBase)
DA:134,3
DA:135,3
DA:136,3
FN:139,System.Void Hipstershop.CartService/CartServiceClient::.ctor(Grpc.Core.CallInvoker)
FNDA:0,System.Void Hipstershop.CartService/CartServiceClient::.ctor(Grpc.Core.CallInvoker)
DA:140,0
DA:141,0
DA:142,0
FN:144,System.Void Hipstershop.CartService/CartServiceClient::.ctor()
FNDA:0,System.Void Hipstershop.CartService/CartServiceClient::.ctor()
DA:145,0
DA:146,0
DA:147,0
FN:150,System.Void Hipstershop.CartService/CartServiceClient::.ctor(Grpc.Core.ClientBase/ClientBaseConfiguration)
FNDA:0,System.Void Hipstershop.CartService/CartServiceClient::.ctor(Grpc.Core.ClientBase/ClientBaseConfiguration)
DA:151,0
DA:152,0
DA:153,0
LF:109
LH:64
BRF:10
BRH:5
FNF:27
FNH:12
end_of_record
SF:/Users/sammi/work/cisco-demo/microservices-demo/src/cartservice/src/Startup.cs
FN:22,Microsoft.Extensions.Configuration.IConfiguration cartservice.Startup::get_Configuration()
FNDA:12,Microsoft.Extensions.Configuration.IConfiguration cartservice.Startup::get_Configuration()
DA:23,12
FN:27,System.Void cartservice.Startup::ConfigureServices(Microsoft.Extensions.DependencyInjection.IServiceCollection)
FNDA:3,System.Void cartservice.Startup::ConfigureServices(Microsoft.Extensions.DependencyInjection.IServiceCollection)
DA:28,3
DA:29,3
DA:30,3
DA:31,3
DA:32,3
DA:34,3
DA:35,0
DA:36,0
DA:37,0
DA:38,0
DA:39,0
DA:40,0
DA:41,0
DA:42,3
DA:43,0
DA:44,0
DA:45,0
DA:46,3
DA:47,0
DA:48,0
DA:49,0
DA:50,0
DA:52,3
DA:53,3
DA:54,3
DA:55,3
DA:56,3
DA:59,3
DA:60,3
BRDA:34,98,0,0
BRDA:34,98,1,3
BRDA:42,136,0,3
BRDA:42,136,1,0
BRDA:42,154,0,0
BRDA:42,154,1,3
BRDA:46,180,0,0
BRDA:46,180,1,3
FN:63,System.Void cartservice.Startup::Configure(Microsoft.AspNetCore.Builder.IApplicationBuilder,Microsoft.AspNetCore.Hosting.IWebHostEnvironment)
FNDA:3,System.Void cartservice.Startup::Configure(Microsoft.AspNetCore.Builder.IApplicationBuilder,Microsoft.AspNetCore.Hosting.IWebHostEnvironment)
DA:64,3
DA:65,3
DA:66,0
DA:67,0
DA:68,0
DA:70,3
DA:72,3
DA:73,3
DA:74,3
DA:75,3
DA:76,3
DA:77,3
DA:78,0
DA:79,0
DA:80,3
DA:81,6
DA:82,3
BRDA:65,9,0,0
BRDA:65,9,1,3
FN:17,System.Void cartservice.Startup::.ctor(Microsoft.Extensions.Configuration.IConfiguration)
FNDA:3,System.Void cartservice.Startup::.ctor(Microsoft.Extensions.Configuration.IConfiguration)
DA:18,3
DA:19,3
DA:20,3
DA:21,3
LF:51
LH:32
BRF:10
BRH:5
FNF:4
FNH:4
end_of_record
SF:/Users/sammi/work/cisco-demo/microservices-demo/src/cartservice/src/services/CartService.cs
FN:40,System.Threading.Tasks.Task`1<Hipstershop.Cart> cartservice.services.CartService::GetCart(Hipstershop.GetCartRequest,Grpc.Core.ServerCallContext)
FNDA:4,System.Threading.Tasks.Task`1<Hipstershop.Cart> cartservice.services.CartService::GetCart(Hipstershop.GetCartRequest,Grpc.Core.ServerCallContext)
DA:41,4
DA:42,4
DA:43,4
FN:28,System.Void cartservice.services.CartService::.ctor(cartservice.cartstore.ICartStore)
FNDA:9,System.Void cartservice.services.CartService::.ctor(cartservice.cartstore.ICartStore)
DA:29,9
DA:30,9
DA:31,9
DA:32,9
FN:25,System.Void cartservice.services.CartService::.cctor()
FNDA:1,System.Void cartservice.services.CartService::.cctor()
DA:26,1
FN:34,System.Void cartservice.services.CartService/<AddItem>d__3::MoveNext()
FNDA:3,System.Void cartservice.services.CartService/<AddItem>d__3::MoveNext()
DA:35,3
DA:36,3
DA:37,3
DA:38,3
FN:45,System.Void cartservice.services.CartService/<EmptyCart>d__5::MoveNext()
FNDA:2,System.Void cartservice.services.CartService/<EmptyCart>d__5::MoveNext()
DA:46,2
DA:47,2
DA:48,2
DA:49,2
LF:16
LH:16
BRF:0
BRH:0
FNF:5
FNH:5
end_of_record
SF:/Users/sammi/work/cisco-demo/microservices-demo/src/cartservice/src/services/HealthCheckService.cs
FN:25,cartservice.cartstore.ICartStore cartservice.services.HealthCheckService::get__cartStore()
FNDA:0,cartservice.cartstore.ICartStore cartservice.services.HealthCheckService::get__cartStore()
DA:26,0
FN:33,System.Threading.Tasks.Task`1<Grpc.Health.V1.HealthCheckResponse> cartservice.services.HealthCheckService::Check(Grpc.Health.V1.HealthCheckRequest,Grpc.Core.ServerCallContext)
FNDA:0,System.Threading.Tasks.Task`1<Grpc.Health.V1.HealthCheckResponse> cartservice.services.HealthCheckService::Check(Grpc.Health.V1.HealthCheckRequest,Grpc.Core.ServerCallContext)
DA:34,0
DA:35,0
DA:36,0
DA:37,0
DA:38,0
DA:39,0
BRDA:36,29,0,0
BRDA:36,29,1,0
FN:27,System.Void cartservice.services.HealthCheckService::.ctor(cartservice.cartstore.ICartStore)
FNDA:0,System.Void cartservice.services.HealthCheckService::.ctor(cartservice.cartstore.ICartStore)
DA:28,0
DA:29,0
DA:30,0
DA:31,0
LF:11
LH:0
BRF:2
BRH:0
FNF:3
FNH:0
end_of_record
SF:/Users/sammi/work/cisco-demo/microservices-demo/src/cartservice/src/cartstore/AlloyDBCartStore.cs
FN:157,System.Boolean cartservice.cartstore.AlloyDBCartStore::Ping()
FNDA:0,System.Boolean cartservice.cartstore.AlloyDBCartStore::Ping()
DA:158,0
DA:160,0
DA:161,0
DA:163,0
DA:164,0
DA:165,0
DA:167,0
FN:29,System.Void cartservice.cartstore.AlloyDBCartStore::.ctor(Microsoft.Extensions.Configuration.IConfiguration)
FNDA:0,System.Void cartservice.cartstore.AlloyDBCartStore::.ctor(Microsoft.Extensions.Configuration.IConfiguration)
DA:30,0
DA:31,0
DA:33,0
DA:34,0
DA:35,0
DA:36,0
DA:38,0
DA:40,0
DA:44,0
DA:45,0
DA:48,0
DA:49,0
DA:50,0
DA:51,0
DA:52,0
DA:53,0
DA:54,0
DA:55,0
DA:56,0
DA:58,0
DA:59,0
FN:83,System.Threading.Tasks.Task`1<System.Int32> cartservice.cartstore.AlloyDBCartStore/<>c__DisplayClass3_0::<AddItemAsync>b__0()
FNDA:0,System.Threading.Tasks.Task`1<System.Int32> cartservice.cartstore.AlloyDBCartStore/<>c__DisplayClass3_0::<AddItemAsync>b__0()
DA:84,0
DA:85,0
DA:86,0
FN:120,Hipstershop.Cart cartservice.cartstore.AlloyDBCartStore/<>c__DisplayClass4_0::<GetCartAsync>b__0()
FNDA:0,Hipstershop.Cart cartservice.cartstore.AlloyDBCartStore/<>c__DisplayClass4_0::<GetCartAsync>b__0()
DA:121,0
DA:122,0
DA:123,0
FN:144,System.Threading.Tasks.Task`1<System.Int32> cartservice.cartstore.AlloyDBCartStore/<>c__DisplayClass5_0::<EmptyCartAsync>b__0()
FNDA:0,System.Threading.Tasks.Task`1<System.Int32> cartservice.cartstore.AlloyDBCartStore/<>c__DisplayClass5_0::<EmptyCartAsync>b__0()
DA:145,0
DA:146,0
DA:147,0
FN:62,System.Void cartservice.cartstore.AlloyDBCartStore/<AddItemAsync>d__3::MoveNext()
FNDA:0,System.Void cartservice.cartstore.AlloyDBCartStore/<AddItemAsync>d__3::MoveNext()
DA:63,0
DA:64,0
DA:66,0
DA:67,0
DA:70,0
DA:71,0
DA:72,0
DA:73,0
DA:74,0
DA:75,0
DA:76,0
DA:77,0
DA:78,0
DA:80,0
DA:81,0
DA:82,0
DA:83,0
DA:87,0
DA:88,0
DA:89,0
DA:90,0
DA:91,0
DA:92,0
DA:94,0
BRDA:75,611,1,0
BRDA:75,611,0,0
BRDA:77,637,0,0
BRDA:77,637,1,0
BRDA:87,1182,0,0
BRDA:87,1182,1,0
BRDA:87,1380,0,0
BRDA:87,1380,1,0
FN:134,System.Void cartservice.cartstore.AlloyDBCartStore/<EmptyCartAsync>d__5::MoveNext()
FNDA:0,System.Void cartservice.cartstore.AlloyDBCartStore/<EmptyCartAsync>d__5::MoveNext()
DA:135,0
DA:136,0
DA:139,0
DA:140,0
DA:141,0
DA:142,0
DA:143,0
DA:144,0
DA:148,0
DA:149,0
DA:150,0
DA:151,0
DA:152,0
DA:153,0
DA:155,0
BRDA:148,411,0,0
BRDA:148,411,1,0
BRDA:148,608,0,0
BRDA:148,608,1,0
FN:97,System.Void cartservice.cartstore.AlloyDBCartStore/<GetCartAsync>d__4::MoveNext()
FNDA:0,System.Void cartservice.cartstore.AlloyDBCartStore/<GetCartAsync>d__4::MoveNext()
DA:98,0
DA:99,0
DA:100,0
DA:101,0
DA:103,0
DA:104,0
DA:106,0
DA:107,0
DA:108,0
DA:109,0
DA:110,0
DA:111,0
DA:112,0
DA:113,0
DA:114,0
DA:115,0
DA:116,0
DA:117,0
DA:118,0
DA:119,0
DA:120,0
DA:124,0
DA:125,0
DA:126,0
DA:127,0
DA:128,0
DA:130,0
DA:131,0
BRDA:110,678,1,0
BRDA:110,678,0,0
BRDA:119,704,0,0
BRDA:119,704,1,0
BRDA:120,1013,0,0
BRDA:120,1013,1,0
LF:104
LH:0
BRF:18
BRH:0
FNF:8
FNH:0
end_of_record
SF:/Users/sammi/work/cisco-demo/microservices-demo/src/cartservice/src/cartstore/RedisCartStore.cs
FN:106,System.Boolean cartservice.cartstore.RedisCartStore::Ping()
FNDA:0,System.Boolean cartservice.cartstore.RedisCartStore::Ping()
DA:107,0
DA:109,0
DA:110,0
DA:112,0
DA:113,0
DA:114,0
DA:116,0
FN:27,System.Void cartservice.cartstore.RedisCartStore::.ctor(Microsoft.Extensions.Caching.Distributed.IDistributedCache)
FNDA:3,System.Void cartservice.cartstore.RedisCartStore::.ctor(Microsoft.Extensions.Caching.Distributed.IDistributedCache)
DA:28,3
DA:29,3
DA:30,3
DA:31,3
FN:49,System.Boolean cartservice.cartstore.RedisCartStore/<>c__DisplayClass2_0::<AddItemAsync>b__0(Hipstershop.CartItem)
FNDA:2,System.Boolean cartservice.cartstore.RedisCartStore/<>c__DisplayClass2_0::<AddItemAsync>b__0(Hipstershop.CartItem)
DA:50,2
FN:33,System.Void cartservice.cartstore.RedisCartStore/<AddItemAsync>d__2::MoveNext()
FNDA:3,System.Void cartservice.cartstore.RedisCartStore/<AddItemAsync>d__2::MoveNext()
DA:34,3
DA:35,3
DA:38,3
DA:40,3
DA:41,3
DA:42,2
DA:43,2
DA:44,2
DA:45,2
DA:46,2
DA:48,1
DA:49,1
DA:51,1
DA:52,0
DA:53,0
DA:54,0
DA:56,1
DA:57,1
DA:58,1
DA:59,1
DA:60,3
DA:61,3
DA:62,0
DA:63,0
DA:64,0
DA:66,3
BRDA:41,334,0,2
BRDA:41,334,1,1
BRDA:51,500,0,0
BRDA:51,500,1,1
FN:68,System.Void cartservice.cartstore.RedisCartStore/<EmptyCartAsync>d__3::MoveNext()
FNDA:2,System.Void cartservice.cartstore.RedisCartStore/<EmptyCartAsync>d__3::MoveNext()
DA:69,2
DA:70,2
DA:73,2
DA:74,2
DA:75,2
DA:76,2
DA:77,0
DA:78,0
DA:79,0
DA:81,2
FN:83,System.Void cartservice.cartstore.RedisCartStore/<GetCartAsync>d__4::MoveNext()
FNDA:4,System.Void cartservice.cartstore.RedisCartStore/<GetCartAsync>d__4::MoveNext()
DA:84,4
DA:85,4
DA:88,4
DA:90,4
DA:92,4
DA:93,3
DA:94,3
DA:98,1
DA:100,0
DA:101,0
DA:102,0
DA:104,4
BRDA:92,205,0,3
BRDA:92,205,1,1
LF:60
LH:41
BRF:6
BRH:5
FNF:6
FNH:5
end_of_record
SF:/Users/sammi/work/cisco-demo/microservices-demo/src/cartservice/src/cartstore/SpannerCartStore.cs
FN:172,System.Boolean cartservice.cartstore.SpannerCartStore::Ping()
FNDA:0,System.Boolean cartservice.cartstore.SpannerCartStore::Ping()
DA:173,0
DA:175,0
DA:176,0
DA:178,0
DA:179,0
DA:180,0
DA:182,0
FN:29,System.Void cartservice.cartstore.SpannerCartStore::.ctor(Microsoft.Extensions.Configuration.IConfiguration)
FNDA:0,System.Void cartservice.cartstore.SpannerCartStore::.ctor(Microsoft.Extensions.Configuration.IConfiguration)
DA:30,0
DA:31,0
DA:32,0
DA:33,0
DA:34,0
DA:35,0
DA:36,0
DA:37,0
DA:38,0
DA:39,0
DA:40,0
DA:41,0
DA:43,0
DA:44,0
DA:45,0
DA:46,0
DA:47,0
DA:48,0
DA:49,0
DA:50,0
DA:51,0
BRDA:37,76,0,0
BRDA:37,76,1,0
BRDA:43,138,0,0
BRDA:43,138,1,0
BRDA:45,156,0,0
BRDA:45,156,1,0
FN:24,System.Void cartservice.cartstore.SpannerCartStore::.cctor()
FNDA:0,System.Void cartservice.cartstore.SpannerCartStore::.cctor()
DA:25,0
DA:26,0
DA:27,0
FN:60,System.Void cartservice.cartstore.SpannerCartStore/<>c__DisplayClass5_1/<<AddItemAsync>b__0>d::MoveNext()
FNDA:0,System.Void cartservice.cartstore.SpannerCartStore/<>c__DisplayClass5_1/<<AddItemAsync>b__0>d::MoveNext()
DA:61,0
DA:62,0
DA:63,0
DA:64,0
DA:65,0
DA:66,0
DA:67,0
DA:68,0
DA:69,0
DA:70,0
DA:71,0
DA:72,0
DA:73,0
DA:74,0
DA:75,0
DA:76,0
DA:77,0
DA:78,0
DA:80,0
DA:81,0
DA:82,0
DA:83,0
DA:84,0
DA:85,0
DA:86,0
DA:87,0
DA:88,0
DA:89,0
DA:90,0
DA:91,0
DA:92,0
DA:93,0
DA:94,0
DA:95,0
BRDA:75,532,1,0
BRDA:75,532,0,0
FN:152,System.Threading.Tasks.Task`1<System.Int32> cartservice.cartstore.SpannerCartStore/<>c__DisplayClass7_1::<EmptyCartAsync>b__0()
FNDA:0,System.Threading.Tasks.Task`1<System.Int32> cartservice.cartstore.SpannerCartStore/<>c__DisplayClass7_1::<EmptyCartAsync>b__0()
DA:153,0
DA:154,0
DA:155,0
DA:156,0
DA:157,0
DA:158,0
DA:159,0
DA:160,0
DA:161,0
DA:162,0
FN:54,System.Void cartservice.cartstore.SpannerCartStore/<AddItemAsync>d__5::MoveNext()
FNDA:0,System.Void cartservice.cartstore.SpannerCartStore/<AddItemAsync>d__5::MoveNext()
DA:55,0
DA:56,0
DA:58,0
DA:59,0
DA:60,0
DA:79,0
DA:96,0
DA:97,0
DA:98,0
DA:99,0
DA:100,0
DA:102,0
FN:145,System.Void cartservice.cartstore.SpannerCartStore/<EmptyCartAsync>d__7::MoveNext()
FNDA:0,System.Void cartservice.cartstore.SpannerCartStore/<EmptyCartAsync>d__7::MoveNext()
DA:146,0
DA:147,0
DA:150,0
DA:151,0
DA:152,0
DA:163,0
DA:165,0
DA:166,0
DA:167,0
DA:168,0
DA:170,0
FN:105,System.Void cartservice.cartstore.SpannerCartStore/<GetCartAsync>d__6::MoveNext()
FNDA:0,System.Void cartservice.cartstore.SpannerCartStore/<GetCartAsync>d__6::MoveNext()
DA:106,0
DA:107,0
DA:108,0
DA:110,0
DA:111,0
DA:112,0
DA:113,0
DA:114,0
DA:115,0
DA:116,0
DA:117,0
DA:118,0
DA:119,0
DA:120,0
DA:121,0
DA:125,0
DA:127,0
DA:128,0
DA:129,0
DA:130,0
DA:131,0
DA:132,0
DA:133,0
DA:135,0
DA:137,0
DA:138,0
DA:139,0
DA:140,0
DA:142,0
BRDA:120,562,1,0
BRDA:120,562,0,0
LF:127
LH:0
BRF:10
BRH:0
FNF:8
FNH:0
end_of_record