mode: set
github.com/GoogleCloudPlatform/microservices-demo/src/productcatalogservice/catalog_loader.go:33.58,37.45 3 0
github.com/GoogleCloudPlatform/microservices-demo/src/productcatalogservice/catalog_loader.go:37.45,39.3 1 0
github.com/GoogleCloudPlatform/microservices-demo/src/productcatalogservice/catalog_loader.go:41.2,41.42 1 0
github.com/GoogleCloudPlatform/microservices-demo/src/productcatalogservice/catalog_loader.go:44.71,48.16 3 0
github.com/GoogleCloudPlatform/microservices-demo/src/productcatalogservice/catalog_loader.go:48.16,51.3 2 0
github.com/GoogleCloudPlatform/microservices-demo/src/productcatalogservice/catalog_loader.go:53.2,53.80 1 0
github.com/GoogleCloudPlatform/microservices-demo/src/productcatalogservice/catalog_loader.go:53.80,56.3 2 0
github.com/GoogleCloudPlatform/microservices-demo/src/productcatalogservice/catalog_loader.go:58.2,59.12 2 0
github.com/GoogleCloudPlatform/microservices-demo/src/productcatalogservice/catalog_loader.go:62.72,65.16 3 0
github.com/GoogleCloudPlatform/microservices-demo/src/productcatalogservice/catalog_loader.go:65.16,68.3 2 0
github.com/GoogleCloudPlatform/microservices-demo/src/productcatalogservice/catalog_loader.go:69.2,77.16 4 0
github.com/GoogleCloudPlatform/microservices-demo/src/productcatalogservice/catalog_loader.go:77.16,80.3 2 0
github.com/GoogleCloudPlatform/microservices-demo/src/productcatalogservice/catalog_loader.go:82.2,82.41 1 0
github.com/GoogleCloudPlatform/microservices-demo/src/productcatalogservice/catalog_loader.go:85.69,97.16 10 0
github.com/GoogleCloudPlatform/microservices-demo/src/productcatalogservice/catalog_loader.go:97.16,99.3 1 0
github.com/GoogleCloudPlatform/microservices-demo/src/productcatalogservice/catalog_loader.go:101.2,102.16 2 0
github.com/GoogleCloudPlatform/microservices-demo/src/productcatalogservice/catalog_loader.go:102.16,105.3 2 0
github.com/GoogleCloudPlatform/microservices-demo/src/productcatalogservice/catalog_loader.go:106.2,106.26 1 0
github.com/GoogleCloudPlatform/microservices-demo/src/productcatalogservice/catalog_loader.go:106.26,106.51 1 0
github.com/GoogleCloudPlatform/microservices-demo/src/productcatalogservice/catalog_loader.go:107.2,115.16 4 0
github.com/GoogleCloudPlatform/microservices-demo/src/productcatalogservice/catalog_loader.go:115.16,118.3 2 0
github.com/GoogleCloudPlatform/microservices-demo/src/productcatalogservice/catalog_loader.go:120.2,121.95 2 0
github.com/GoogleCloudPlatform/microservices-demo/src/productcatalogservice/catalog_loader.go:121.95,123.3 1 0
github.com/GoogleCloudPlatform/microservices-demo/src/productcatalogservice/catalog_loader.go:125.2,126.16 2 0
github.com/GoogleCloudPlatform/microservices-demo/src/productcatalogservice/catalog_loader.go:126.16,129.3 2 0
github.com/GoogleCloudPlatform/microservices-demo/src/productcatalogservice/catalog_loader.go:130.2,134.16 4 0
github.com/GoogleCloudPlatform/microservices-demo/src/productcatalogservice/catalog_loader.go:134.16,137.3 2 0
github.com/GoogleCloudPlatform/microservices-demo/src/productcatalogservice/catalog_loader.go:138.2,141.18 3 0
github.com/GoogleCloudPlatform/microservices-demo/src/productcatalogservice/catalog_loader.go:141.18,149.17 5 0
github.com/GoogleCloudPlatform/microservices-demo/src/productcatalogservice/catalog_loader.go:149.17,152.4 2 0
github.com/GoogleCloudPlatform/microservices-demo/src/productcatalogservice/catalog_loader.go:153.3,156.55 3 0
github.com/GoogleCloudPlatform/microservices-demo/src/productcatalogservice/catalog_loader.go:159.2,160.12 2 0
github.com/GoogleCloudPlatform/microservices-demo/src/productcatalogservice/product_catalog.go:33.126,35.2 1 0
github.com/GoogleCloudPlatform/microservices-demo/src/productcatalogservice/product_catalog.go:37.104,39.2 1 0
github.com/GoogleCloudPlatform/microservices-demo/src/productcatalogservice/product_catalog.go:41.101,45.2 2 1
github.com/GoogleCloudPlatform/microservices-demo/src/productcatalogservice/product_catalog.go:47.106,51.45 3 1
github.com/GoogleCloudPlatform/microservices-demo/src/productcatalogservice/product_catalog.go:51.45,52.39 1 1
github.com/GoogleCloudPlatform/microservices-demo/src/productcatalogservice/product_catalog.go:52.39,54.4 1 1
github.com/GoogleCloudPlatform/microservices-demo/src/productcatalogservice/product_catalog.go:57.2,57.18 1 1
github.com/GoogleCloudPlatform/microservices-demo/src/productcatalogservice/product_catalog.go:57.18,59.3 1 1
github.com/GoogleCloudPlatform/microservices-demo/src/productcatalogservice/product_catalog.go:60.2,60.19 1 1
github.com/GoogleCloudPlatform/microservices-demo/src/productcatalogservice/product_catalog.go:63.129,67.43 3 1
github.com/GoogleCloudPlatform/microservices-demo/src/productcatalogservice/product_catalog.go:67.43,69.87 1 1
github.com/GoogleCloudPlatform/microservices-demo/src/productcatalogservice/product_catalog.go:69.87,71.4 1 1
github.com/GoogleCloudPlatform/microservices-demo/src/productcatalogservice/product_catalog.go:74.2,74.53 1 1
github.com/GoogleCloudPlatform/microservices-demo/src/productcatalogservice/product_catalog.go:77.55,78.51 1 1
github.com/GoogleCloudPlatform/microservices-demo/src/productcatalogservice/product_catalog.go:78.51,80.17 2 0
github.com/GoogleCloudPlatform/microservices-demo/src/productcatalogservice/product_catalog.go:80.17,82.4 1 0
github.com/GoogleCloudPlatform/microservices-demo/src/productcatalogservice/product_catalog.go:85.2,85.27 1 1
github.com/GoogleCloudPlatform/microservices-demo/src/productcatalogservice/server.go:54.13,66.2 4 1
github.com/GoogleCloudPlatform/microservices-demo/src/productcatalogservice/server.go:68.13,72.40 2 0
github.com/GoogleCloudPlatform/microservices-demo/src/productcatalogservice/server.go:72.40,74.17 2 0
github.com/GoogleCloudPlatform/microservices-demo/src/productcatalogservice/server.go:74.17,76.4 1 0
github.com/GoogleCloudPlatform/microservices-demo/src/productcatalogservice/server.go:77.8,79.3 1 0
github.com/GoogleCloudPlatform/microservices-demo/src/productcatalogservice/server.go:81.2,81.41 1 0
github.com/GoogleCloudPlatform/microservices-demo/src/productcatalogservice/server.go:81.41,84.3 2 0
github.com/GoogleCloudPlatform/microservices-demo/src/productcatalogservice/server.go:84.8,86.3 1 0
github.com/GoogleCloudPlatform/microservices-demo/src/productcatalogservice/server.go:88.2,91.46 2 0
github.com/GoogleCloudPlatform/microservices-demo/src/productcatalogservice/server.go:91.46,93.17 2 0
github.com/GoogleCloudPlatform/microservices-demo/src/productcatalogservice/server.go:93.17,95.4 1 0
github.com/GoogleCloudPlatform/microservices-demo/src/productcatalogservice/server.go:96.3,97.66 2 0
github.com/GoogleCloudPlatform/microservices-demo/src/productcatalogservice/server.go:98.8,100.3 1 0
github.com/GoogleCloudPlatform/microservices-demo/src/productcatalogservice/server.go:102.2,104.12 3 0
github.com/GoogleCloudPlatform/microservices-demo/src/productcatalogservice/server.go:104.12,105.7 1 0
github.com/GoogleCloudPlatform/microservices-demo/src/productcatalogservice/server.go:105.7,108.30 3 0
github.com/GoogleCloudPlatform/microservices-demo/src/productcatalogservice/server.go:108.30,111.5 2 0
github.com/GoogleCloudPlatform/microservices-demo/src/productcatalogservice/server.go:111.10,114.5 2 0
github.com/GoogleCloudPlatform/microservices-demo/src/productcatalogservice/server.go:118.2,118.29 1 0
github.com/GoogleCloudPlatform/microservices-demo/src/productcatalogservice/server.go:118.29,120.3 1 0
github.com/GoogleCloudPlatform/microservices-demo/src/productcatalogservice/server.go:121.2,123.9 3 0
github.com/GoogleCloudPlatform/microservices-demo/src/productcatalogservice/server.go:126.30,128.16 2 0
github.com/GoogleCloudPlatform/microservices-demo/src/productcatalogservice/server.go:128.16,130.3 1 0
github.com/GoogleCloudPlatform/microservices-demo/src/productcatalogservice/server.go:133.2,143.16 6 0
github.com/GoogleCloudPlatform/microservices-demo/src/productcatalogservice/server.go:143.16,145.3 1 0
github.com/GoogleCloudPlatform/microservices-demo/src/productcatalogservice/server.go:147.2,151.33 4 0
github.com/GoogleCloudPlatform/microservices-demo/src/productcatalogservice/server.go:154.19,156.2 0 0
github.com/GoogleCloudPlatform/microservices-demo/src/productcatalogservice/server.go:158.26,172.16 6 0
github.com/GoogleCloudPlatform/microservices-demo/src/productcatalogservice/server.go:172.16,174.3 1 0
github.com/GoogleCloudPlatform/microservices-demo/src/productcatalogservice/server.go:175.2,179.12 3 0
github.com/GoogleCloudPlatform/microservices-demo/src/productcatalogservice/server.go:182.45,183.26 1 0
github.com/GoogleCloudPlatform/microservices-demo/src/productcatalogservice/server.go:183.26,189.18 1 0
github.com/GoogleCloudPlatform/microservices-demo/src/productcatalogservice/server.go:189.18,191.4 1 0
github.com/GoogleCloudPlatform/microservices-demo/src/productcatalogservice/server.go:191.9,194.4 2 0
github.com/GoogleCloudPlatform/microservices-demo/src/productcatalogservice/server.go:195.3,197.16 3 0
github.com/GoogleCloudPlatform/microservices-demo/src/productcatalogservice/server.go:199.2,199.81 1 0
github.com/GoogleCloudPlatform/microservices-demo/src/productcatalogservice/server.go:202.48,204.13 2 0
github.com/GoogleCloudPlatform/microservices-demo/src/productcatalogservice/server.go:204.13,205.64 1 0
github.com/GoogleCloudPlatform/microservices-demo/src/productcatalogservice/server.go:207.2,207.13 1 0
github.com/GoogleCloudPlatform/microservices-demo/src/productcatalogservice/server.go:210.77,218.16 5 0
github.com/GoogleCloudPlatform/microservices-demo/src/productcatalogservice/server.go:218.16,219.63 1 0
