mode: set
github.com/GoogleCloudPlatform/microservices-demo/src/shippingservice/main.go:42.13,54.2 4 1
github.com/GoogleCloudPlatform/microservices-demo/src/shippingservice/main.go:56.13,60.40 2 0
github.com/GoogleCloudPlatform/microservices-demo/src/shippingservice/main.go:60.40,64.3 3 0
github.com/GoogleCloudPlatform/microservices-demo/src/shippingservice/main.go:64.8,66.3 1 0
github.com/GoogleCloudPlatform/microservices-demo/src/shippingservice/main.go:68.2,68.41 1 0
github.com/GoogleCloudPlatform/microservices-demo/src/shippingservice/main.go:68.41,71.3 2 0
github.com/GoogleCloudPlatform/microservices-demo/src/shippingservice/main.go:71.8,73.3 1 0
github.com/GoogleCloudPlatform/microservices-demo/src/shippingservice/main.go:75.2,76.43 2 0
github.com/GoogleCloudPlatform/microservices-demo/src/shippingservice/main.go:76.43,78.3 1 0
github.com/GoogleCloudPlatform/microservices-demo/src/shippingservice/main.go:79.2,82.16 3 0
github.com/GoogleCloudPlatform/microservices-demo/src/shippingservice/main.go:82.16,84.3 1 0
github.com/GoogleCloudPlatform/microservices-demo/src/shippingservice/main.go:86.2,87.38 2 0
github.com/GoogleCloudPlatform/microservices-demo/src/shippingservice/main.go:87.38,90.3 2 0
github.com/GoogleCloudPlatform/microservices-demo/src/shippingservice/main.go:90.8,93.3 2 0
github.com/GoogleCloudPlatform/microservices-demo/src/shippingservice/main.go:94.2,101.39 6 0
github.com/GoogleCloudPlatform/microservices-demo/src/shippingservice/main.go:101.39,103.3 1 0
github.com/GoogleCloudPlatform/microservices-demo/src/shippingservice/main.go:112.118,114.2 1 0
github.com/GoogleCloudPlatform/microservices-demo/src/shippingservice/main.go:116.96,118.2 1 0
github.com/GoogleCloudPlatform/microservices-demo/src/shippingservice/main.go:121.102,136.2 4 1
github.com/GoogleCloudPlatform/microservices-demo/src/shippingservice/main.go:140.105,151.2 5 1
github.com/GoogleCloudPlatform/microservices-demo/src/shippingservice/main.go:153.19,155.2 0 0
github.com/GoogleCloudPlatform/microservices-demo/src/shippingservice/main.go:157.21,159.2 0 0
github.com/GoogleCloudPlatform/microservices-demo/src/shippingservice/main.go:161.45,164.26 1 0
github.com/GoogleCloudPlatform/microservices-demo/src/shippingservice/main.go:164.26,170.18 1 0
github.com/GoogleCloudPlatform/microservices-demo/src/shippingservice/main.go:170.18,172.4 1 0
github.com/GoogleCloudPlatform/microservices-demo/src/shippingservice/main.go:172.9,175.4 2 0
github.com/GoogleCloudPlatform/microservices-demo/src/shippingservice/main.go:176.3,178.16 3 0
github.com/GoogleCloudPlatform/microservices-demo/src/shippingservice/main.go:180.2,180.81 1 0
github.com/GoogleCloudPlatform/microservices-demo/src/shippingservice/quote.go:29.32,31.2 1 0
github.com/GoogleCloudPlatform/microservices-demo/src/shippingservice/quote.go:34.44,36.2 1 1
github.com/GoogleCloudPlatform/microservices-demo/src/shippingservice/quote.go:39.48,45.2 2 1
github.com/GoogleCloudPlatform/microservices-demo/src/shippingservice/tracker.go:27.43,28.13 1 1
github.com/GoogleCloudPlatform/microservices-demo/src/shippingservice/tracker.go:28.13,31.3 2 1
github.com/GoogleCloudPlatform/microservices-demo/src/shippingservice/tracker.go:33.2,40.3 1 1
github.com/GoogleCloudPlatform/microservices-demo/src/shippingservice/tracker.go:44.35,46.2 1 1
github.com/GoogleCloudPlatform/microservices-demo/src/shippingservice/tracker.go:49.41,51.30 2 1
github.com/GoogleCloudPlatform/microservices-demo/src/shippingservice/tracker.go:51.30,53.3 1 1
github.com/GoogleCloudPlatform/microservices-demo/src/shippingservice/tracker.go:55.2,55.12 1 1
